{"name": "test_campaign[Samsung SM-G781B-T001-Live-https://live1.rantcell.com-eva@rantcell.com-eva@2023]", "status": "failed", "statusDetails": {"message": "AssertionError", "trace": "self = <testcases.test_campaigns1.Test_Campaign_Driver object at 0x00000208C248CBB0>\nurl = 'https://live1.rantcell.com', userid = 'eva@rantcell.com'\npassword = 'eva@2023'\n\n    def login(self, url, userid, password):\n    \n        try:\n            link_login = [By.XPATH, \"//a[normalize-space()='LOGIN']\", \"Login link\"]\n            textbox_username = (By.ID, \"email\", \"Username\")\n            textbox_password = (By.ID, \"password\", \"Password\")\n            button_login = (By.ID, \"loginbutton\", \"Login button\")\n            link_Dashboard = (By.ID, \"refreshDashboard\", \"Rant Cell\")\n            dropdown_dropdown_toggle = (By.XPATH, \"//span[@class='ng-binding']//i[@class='caret']\", \"Drop Down Toggle\")\n            link_logout = (By.XPATH, \"//a[normalize-space()='Logout']\", \"Logout\")\n            navigation_header = (By.XPATH, \"//div[@class='navbar-header']//a[2]\")\n            dashboard = (By.XPATH, \"//span[normalize-space()='Dashboard']\")\n    \n>           assert GL.launchbrowser(self, url, url)\nE           AssertionError\n\n..\\pageobjects\\login_logout.py:25: AssertionError\n\nDuring handling of the above exception, another exception occurred:\n\nself = <testcases.test_campaigns1.Test_Campaign_Driver object at 0x00000208C248CBB0>\nsetup = <selenium.webdriver.chrome.webdriver.WebDriver (session=\"9ae320693c2f1e27f0bd4f1578a8e632\")>\ndevice = 'Samsung SM-G781B', campaign = 'T001', environment = 'Live'\nurl = 'https://live1.rantcell.com', userid = 'eva@rantcell.com'\npassword = 'eva@2023'\n\n    @pytest.mark.parametrize(\"device,campaign,environment,url,userid,password\",\n                             readexcel.readdata.fetch_camapaigns_enviroment(\"\"))\n    def test_campaign(self, setup, device, campaign, environment, url, userid, password):\n        self.driver = setup\n    \n        # Fetch component based on the camapign \"T001\",\"T002\" etc\n    \n        components = readexcel.readdata.fetch_components(campaign)\n    \n        # Login to RantCell Application\n    \n>       GL.login(self, url, userid, password)\n\n..\\testcases\\test_campaigns1.py:23: \n_ _ _ _ _ _ _ _ _ _ _ _ _ _ _ _ _ _ _ _ _ _ _ _ _ _ _ _ _ _ _ _ _ _ _ _ _ _ _ _\n\nself = <testcases.test_campaigns1.Test_Campaign_Driver object at 0x00000208C248CBB0>\nurl = 'https://live1.rantcell.com', userid = 'eva@rantcell.com'\npassword = 'eva@2023'\n\n    def login(self, url, userid, password):\n    \n        try:\n            link_login = [By.XPATH, \"//a[normalize-space()='LOGIN']\", \"Login link\"]\n            textbox_username = (By.ID, \"email\", \"Username\")\n            textbox_password = (By.ID, \"password\", \"Password\")\n            button_login = (By.ID, \"loginbutton\", \"Login button\")\n            link_Dashboard = (By.ID, \"refreshDashboard\", \"Rant Cell\")\n            dropdown_dropdown_toggle = (By.XPATH, \"//span[@class='ng-binding']//i[@class='caret']\", \"Drop Down Toggle\")\n            link_logout = (By.XPATH, \"//a[normalize-space()='Logout']\", \"Logout\")\n            navigation_header = (By.XPATH, \"//div[@class='navbar-header']//a[2]\")\n            dashboard = (By.XPATH, \"//span[normalize-space()='Dashboard']\")\n    \n            assert GL.launchbrowser(self, url, url)\n    \n            assert GL.click(self, link_login)\n    \n            time.sleep(5)\n    \n            assert (GL.inputtext(self, textbox_username, userid))\n    \n            time.sleep(2)\n    \n            assert (GL.inputtext(self, textbox_password, password))\n    \n            time.sleep(2)\n    \n            assert GL.click(self, button_login)\n    \n            time.sleep(5)\n    \n            assert GL.verifyelementispresent(self, dashboard, \"Dashboard\")\n    \n            time.sleep(5)\n    \n            # time.sleep(5)\n    \n            # assert GL.clickallure(self.link_login,\"T\")\n            # assert True\n    \n    \n        except Exception as e:\n>           assert False\nE           AssertionError\n\n..\\pageobjects\\login_logout.py:54: AssertionError"}, "steps": [{"name": "Launch the browser and navigate to https://live1.rantcell.com", "status": "passed", "attachments": [{"name": "URLhttps://live1.rantcell.com/", "source": "c506eddb-fdc0-446f-9f87-87fc2f5cb84e-attachment.png", "type": "image/png"}], "start": 1682046717543, "stop": 1682046728921}], "parameters": [{"name": "device", "value": "'Samsung SM-G781B'"}, {"name": "campaign", "value": "'T001'"}, {"name": "environment", "value": "'Live'"}, {"name": "url", "value": "'https://live1.rantcell.com'"}, {"name": "userid", "value": "'eva@rantcell.com'"}, {"name": "password", "value": "'eva@2023'"}], "start": 1682046717250, "stop": 1682046728921, "uuid": "9d160a1a-7e59-49aa-a1cd-853e1df23d31", "historyId": "0e4cbbd7631d9aa341ab2c0a4c31ec1b", "testCaseId": "75e644666a1c60dfa7e88c10e366449f", "fullName": "test_campaigns1.Test_Campaign_Driver#test_campaign", "labels": [{"name": "suite", "value": "test_campaigns1"}, {"name": "subSuite", "value": "Test_Campaign_Driver"}, {"name": "host", "value": "rudresha_c"}, {"name": "thread", "value": "33088-MainThread"}, {"name": "framework", "value": "pytest"}, {"name": "language", "value": "cpython3"}, {"name": "package", "value": "test_campaigns1"}]}