{"name": "test_campaign[Samsung SM-G781B-T001-PreProd-https://preproductionpro.rantcell.com/-eva@rantcell.com-eva@2023]", "status": "passed", "steps": [{"name": "Launch the browser and navigate to https://preproductionpro.rantcell.com/", "status": "broken", "statusDetails": {"message": "selenium.common.exceptions.NoSuchWindowException: Message: no such window: target window already closed\nfrom unknown error: web view not found\n  (Session info: chrome=112.0.5615.138)\nStacktrace:\nBacktrace:\n\tGetHandleVerifier [0x0103DCE3+50899]\n\t(No symbol) [0x00FCE111]\n\t(No symbol) [0x00ED5588]\n\t(No symbol) [0x00EBD333]\n\t(No symbol) [0x00F1F4DB]\n\t(No symbol) [0x00F2DB33]\n\t(No symbol) [0x00F1B6F6]\n\t(No symbol) [0x00EF7708]\n\t(No symbol) [0x00EF886D]\n\tGetHandleVerifier [0x012A3EAE+2566302]\n\tGetHandleVerifier [0x012D92B1+2784417]\n\tGetHandleVerifier [0x012D327C+2759788]\n\tGetHandleVerifier [0x010D5740+672048]\n\t(No symbol) [0x00FD8872]\n\t(No symbol) [0x00FD41C8]\n\t(No symbol) [0x00FD42AB]\n\t(No symbol) [0x00FC71B7]\n\tBaseThreadInitThunk [0x75AB7D49+25]\n\tRtlInitializeExceptionChain [0x77C5B74B+107]\n\tRtlClearBits [0x77C5B6CF+191]\n\n", "trace": "  File \"C:\\Users\\RudreshaC\\PycharmProjects\\RantCell_Automation\\utils\\library.py\", line 31, in launchbrowser\n    self.driver.maximize_window()\n  File \"C:\\Users\\RudreshaC\\PycharmProjects\\RantCell_V1\\venv\\lib\\site-packages\\selenium\\webdriver\\remote\\webdriver.py\", line 592, in maximize_window\n    self.execute(command, None)\n  File \"C:\\Users\\RudreshaC\\PycharmProjects\\RantCell_V1\\venv\\lib\\site-packages\\selenium\\webdriver\\remote\\webdriver.py\", line 440, in execute\n    self.error_handler.check_response(response)\n  File \"C:\\Users\\RudreshaC\\PycharmProjects\\RantCell_V1\\venv\\lib\\site-packages\\selenium\\webdriver\\remote\\errorhandler.py\", line 245, in check_response\n    raise exception_class(message, screen, stacktrace)\n"}, "start": 1682317000386, "stop": 1682317005067}, {"name": "Launch the browser https://preproductionpro.rantcell.com/", "status": "broken", "statusDetails": {"message": "selenium.common.exceptions.NoSuchWindowException: Message: no such window: target window already closed\nfrom unknown error: web view not found\n  (Session info: chrome=112.0.5615.138)\nStacktrace:\nBacktrace:\n\tGetHandleVerifier [0x0103DCE3+50899]\n\t(No symbol) [0x00FCE111]\n\t(No symbol) [0x00ED5588]\n\t(No symbol) [0x00EBD333]\n\t(No symbol) [0x00F1F4DB]\n\t(No symbol) [0x00F2DB33]\n\t(No symbol) [0x00F1B6F6]\n\t(No symbol) [0x00EF7708]\n\t(No symbol) [0x00EF886D]\n\tGetHandleVerifier [0x012A3EAE+2566302]\n\tGetHandleVerifier [0x012D92B1+2784417]\n\tGetHandleVerifier [0x012D327C+2759788]\n\tGetHandleVerifier [0x010D5740+672048]\n\t(No symbol) [0x00FD8872]\n\t(No symbol) [0x00FD41C8]\n\t(No symbol) [0x00FD42AB]\n\t(No symbol) [0x00FC71B7]\n\tBaseThreadInitThunk [0x75AB7D49+25]\n\tRtlInitializeExceptionChain [0x77C5B74B+107]\n\tRtlClearBits [0x77C5B6CF+191]\n\n", "trace": "  File \"C:\\Users\\RudreshaC\\PycharmProjects\\RantCell_Automation\\utils\\library.py\", line 48, in launchbrowser\n    self.driver.get_screenshot_as_file(\"screenshot.png\")\n  File \"C:\\Users\\RudreshaC\\PycharmProjects\\RantCell_V1\\venv\\lib\\site-packages\\selenium\\webdriver\\remote\\webdriver.py\", line 893, in get_screenshot_as_file\n    png = self.get_screenshot_as_png()\n  File \"C:\\Users\\RudreshaC\\PycharmProjects\\RantCell_V1\\venv\\lib\\site-packages\\selenium\\webdriver\\remote\\webdriver.py\", line 927, in get_screenshot_as_png\n    return b64decode(self.get_screenshot_as_base64().encode(\"ascii\"))\n  File \"C:\\Users\\RudreshaC\\PycharmProjects\\RantCell_V1\\venv\\lib\\site-packages\\selenium\\webdriver\\remote\\webdriver.py\", line 938, in get_screenshot_as_base64\n    return self.execute(Command.SCREENSHOT)[\"value\"]\n  File \"C:\\Users\\RudreshaC\\PycharmProjects\\RantCell_V1\\venv\\lib\\site-packages\\selenium\\webdriver\\remote\\webdriver.py\", line 440, in execute\n    self.error_handler.check_response(response)\n  File \"C:\\Users\\RudreshaC\\PycharmProjects\\RantCell_V1\\venv\\lib\\site-packages\\selenium\\webdriver\\remote\\errorhandler.py\", line 245, in check_response\n    raise exception_class(message, screen, stacktrace)\n"}, "start": 1682317005068, "stop": 1682317005070}], "parameters": [{"name": "device", "value": "'Samsung SM-G781B'"}, {"name": "campaign", "value": "'T001'"}, {"name": "environment", "value": "'PreProd'"}, {"name": "url", "value": "'https://preproductionpro.rantcell.com/'"}, {"name": "userid", "value": "'eva@rantcell.com'"}, {"name": "password", "value": "'eva@2023'"}], "start": 1682316999877, "stop": 1682317005071, "uuid": "02e5e689-3971-4b93-a186-e21bc1812d58", "historyId": "3e9954af05040b18e5779109f57e04ae", "testCaseId": "19442f1071c1350d924985a2afd1619e", "fullName": "test_campaigns.Test_Campaign_Driver#test_campaign"}